<?xml version="1.0" encoding="windows-1250" standalone="no"?>
<!DOCTYPE log SYSTEM "logger.dtd">
<log>
<record>
  <date>2021-04-11T17:44:39.521716800Z</date>
  <millis>1618163079521</millis>
  <nanos>716800</nanos>
  <sequence>0</sequence>
  <logger>Backend.Controller.ConsoleController</logger>
  <level>WARNING</level>
  <class>Backend.ProgramLogger</class>
  <method>log</method>
  <thread>1</thread>
  <message>Zadaný adresár neexistuje!</message>
</record>
</log>
<?xml version="1.0" encoding="windows-1250" standalone="no"?>
<!DOCTYPE log SYSTEM "logger.dtd">
<log>
<record>
  <date>2021-04-11T17:44:46.766572900Z</date>
  <millis>1618163086766</millis>
  <nanos>572900</nanos>
  <sequence>1</sequence>
  <logger>Backend.Controller.ConsoleController</logger>
  <level>WARNING</level>
  <class>Backend.ProgramLogger</class>
  <method>log</method>
  <thread>1</thread>
  <message>Zadaný adresár neexistuje!</message>
</record>
</log>
<?xml version="1.0" encoding="windows-1250" standalone="no"?>
<!DOCTYPE log SYSTEM "logger.dtd">
<log>
<record>
  <date>2021-04-11T17:44:55.653025800Z</date>
  <millis>1618163095653</millis>
  <nanos>25800</nanos>
  <sequence>2</sequence>
  <logger>Backend.Controller.ConsoleController</logger>
  <level>INFO</level>
  <class>Backend.ProgramLogger</class>
  <method>log</method>
  <thread>1</thread>
  <message>Analyzujem kódy.</message>
</record>
</log>
<?xml version="1.0" encoding="windows-1250" standalone="no"?>
<!DOCTYPE log SYSTEM "logger.dtd">
<log>
<record>
  <date>2021-04-11T17:44:55.658674300Z</date>
  <millis>1618163095658</millis>
  <nanos>674300</nanos>
  <sequence>3</sequence>
  <logger>Backend.Controller.ConsoleController</logger>
  <level>INFO</level>
  <class>Backend.ProgramLogger</class>
  <method>log</method>
  <thread>1</thread>
  <message>Analyzujem súbor: D:\Users\Ivan\FIIT\6.semester\BP\Zdrojove kody\HW01\student10_1.c!</message>
</record>
</log>
<?xml version="1.0" encoding="windows-1250" standalone="no"?>
<!DOCTYPE log SYSTEM "logger.dtd">
<log>
<record>
  <date>2021-04-11T17:44:56.268155900Z</date>
  <millis>1618163096268</millis>
  <nanos>155900</nanos>
  <sequence>4</sequence>
  <logger>Backend.Controller.ConsoleController</logger>
  <level>INFO</level>
  <class>Backend.ProgramLogger</class>
  <method>log</method>
  <thread>1</thread>
  <message>Analyzujem súbor: D:\Users\Ivan\FIIT\6.semester\BP\Zdrojove kody\HW01\student10_2.c!</message>
</record>
</log>
<?xml version="1.0" encoding="windows-1250" standalone="no"?>
<!DOCTYPE log SYSTEM "logger.dtd">
<log>
<record>
  <date>2021-04-11T17:44:56.688323400Z</date>
  <millis>1618163096688</millis>
  <nanos>323400</nanos>
  <sequence>5</sequence>
  <logger>Backend.Controller.ConsoleController</logger>
  <level>INFO</level>
  <class>Backend.ProgramLogger</class>
  <method>log</method>
  <thread>1</thread>
  <message>Analyzujem súbor: D:\Users\Ivan\FIIT\6.semester\BP\Zdrojove kody\HW01\student10_3.c!</message>
</record>
</log>
<?xml version="1.0" encoding="windows-1250" standalone="no"?>
<!DOCTYPE log SYSTEM "logger.dtd">
<log>
<record>
  <date>2021-04-11T17:44:57.005280600Z</date>
  <millis>1618163097005</millis>
  <nanos>280600</nanos>
  <sequence>6</sequence>
  <logger>Backend.Controller.ConsoleController</logger>
  <level>INFO</level>
  <class>Backend.ProgramLogger</class>
  <method>log</method>
  <thread>1</thread>
  <message>Analyzujem súbor: D:\Users\Ivan\FIIT\6.semester\BP\Zdrojove kody\HW01\student11_1.c!</message>
</record>
</log>
<?xml version="1.0" encoding="windows-1250" standalone="no"?>
<!DOCTYPE log SYSTEM "logger.dtd">
<log>
<record>
  <date>2021-04-11T17:44:57.077058900Z</date>
  <millis>1618163097077</millis>
  <nanos>58900</nanos>
  <sequence>7</sequence>
  <logger>Backend.Controller.ConsoleController</logger>
  <level>INFO</level>
  <class>Backend.ProgramLogger</class>
  <method>log</method>
  <thread>1</thread>
  <message>Analyzujem súbor: D:\Users\Ivan\FIIT\6.semester\BP\Zdrojove kody\HW01\student11_2.c!</message>
</record>
</log>
<?xml version="1.0" encoding="windows-1250" standalone="no"?>
<!DOCTYPE log SYSTEM "logger.dtd">
<log>
<record>
  <date>2021-04-11T17:44:57.156989300Z</date>
  <millis>1618163097156</millis>
  <nanos>989300</nanos>
  <sequence>8</sequence>
  <logger>Backend.Controller.ConsoleController</logger>
  <level>INFO</level>
  <class>Backend.ProgramLogger</class>
  <method>log</method>
  <thread>1</thread>
  <message>Analyzujem súbor: D:\Users\Ivan\FIIT\6.semester\BP\Zdrojove kody\HW01\student12_1.c!</message>
</record>
</log>
<?xml version="1.0" encoding="windows-1250" standalone="no"?>
<!DOCTYPE log SYSTEM "logger.dtd">
<log>
<record>
  <date>2021-04-11T17:44:57.261142700Z</date>
  <millis>1618163097261</millis>
  <nanos>142700</nanos>
  <sequence>9</sequence>
  <logger>Backend.Controller.ConsoleController</logger>
  <level>INFO</level>
  <class>Backend.ProgramLogger</class>
  <method>log</method>
  <thread>1</thread>
  <message>Analyzujem súbor: D:\Users\Ivan\FIIT\6.semester\BP\Zdrojove kody\HW01\student13_1.c!</message>
</record>
</log>
<?xml version="1.0" encoding="windows-1250" standalone="no"?>
<!DOCTYPE log SYSTEM "logger.dtd">
<log>
<record>
  <date>2021-04-11T17:44:57.574018Z</date>
  <millis>1618163097574</millis>
  <nanos>18000</nanos>
  <sequence>10</sequence>
  <logger>Backend.Controller.ConsoleController</logger>
  <level>INFO</level>
  <class>Backend.ProgramLogger</class>
  <method>log</method>
  <thread>1</thread>
  <message>Analyzujem súbor: D:\Users\Ivan\FIIT\6.semester\BP\Zdrojove kody\HW01\student14_1.c!</message>
</record>
</log>
<?xml version="1.0" encoding="windows-1250" standalone="no"?>
<!DOCTYPE log SYSTEM "logger.dtd">
<log>
<record>
  <date>2021-04-11T17:44:57.644774100Z</date>
  <millis>1618163097644</millis>
  <nanos>774100</nanos>
  <sequence>11</sequence>
  <logger>Backend.Controller.ConsoleController</logger>
  <level>INFO</level>
  <class>Backend.ProgramLogger</class>
  <method>log</method>
  <thread>1</thread>
  <message>Analyzujem súbor: D:\Users\Ivan\FIIT\6.semester\BP\Zdrojove kody\HW01\student14_2.c!</message>
</record>
</log>
<?xml version="1.0" encoding="windows-1250" standalone="no"?>
<!DOCTYPE log SYSTEM "logger.dtd">
<log>
<record>
  <date>2021-04-11T17:44:57.725850Z</date>
  <millis>1618163097725</millis>
  <nanos>850000</nanos>
  <sequence>12</sequence>
  <logger>Backend.Controller.ConsoleController</logger>
  <level>INFO</level>
  <class>Backend.ProgramLogger</class>
  <method>log</method>
  <thread>1</thread>
  <message>Analyzujem súbor: D:\Users\Ivan\FIIT\6.semester\BP\Zdrojove kody\HW01\student14_3.c!</message>
</record>
</log>
<?xml version="1.0" encoding="windows-1250" standalone="no"?>
<!DOCTYPE log SYSTEM "logger.dtd">
<log>
<record>
  <date>2021-04-11T17:44:57.806255400Z</date>
  <millis>1618163097806</millis>
  <nanos>255400</nanos>
  <sequence>13</sequence>
  <logger>Backend.Controller.ConsoleController</logger>
  <level>INFO</level>
  <class>Backend.ProgramLogger</class>
  <method>log</method>
  <thread>1</thread>
  <message>Analyzujem súbor: D:\Users\Ivan\FIIT\6.semester\BP\Zdrojove kody\HW01\student14_4.c!</message>
</record>
</log>
<?xml version="1.0" encoding="windows-1250" standalone="no"?>
<!DOCTYPE log SYSTEM "logger.dtd">
<log>
<record>
  <date>2021-04-11T17:44:57.853804900Z</date>
  <millis>1618163097853</millis>
  <nanos>804900</nanos>
  <sequence>14</sequence>
  <logger>Backend.Controller.ConsoleController</logger>
  <level>INFO</level>
  <class>Backend.ProgramLogger</class>
  <method>log</method>
  <thread>1</thread>
  <message>Analyzujem súbor: D:\Users\Ivan\FIIT\6.semester\BP\Zdrojove kody\HW01\student14_5.c!</message>
</record>
</log>
<?xml version="1.0" encoding="windows-1250" standalone="no"?>
<!DOCTYPE log SYSTEM "logger.dtd">
<log>
<record>
  <date>2021-04-11T17:44:57.919911200Z</date>
  <millis>1618163097919</millis>
  <nanos>911200</nanos>
  <sequence>15</sequence>
  <logger>Backend.Controller.ConsoleController</logger>
  <level>INFO</level>
  <class>Backend.ProgramLogger</class>
  <method>log</method>
  <thread>1</thread>
  <message>Analyzujem súbor: D:\Users\Ivan\FIIT\6.semester\BP\Zdrojove kody\HW01\student14_6.c!</message>
</record>
</log>
<?xml version="1.0" encoding="windows-1250" standalone="no"?>
<!DOCTYPE log SYSTEM "logger.dtd">
<log>
<record>
  <date>2021-04-11T17:44:57.975803200Z</date>
  <millis>1618163097975</millis>
  <nanos>803200</nanos>
  <sequence>16</sequence>
  <logger>Backend.Controller.ConsoleController</logger>
  <level>INFO</level>
  <class>Backend.ProgramLogger</class>
  <method>log</method>
  <thread>1</thread>
  <message>Analyzujem súbor: D:\Users\Ivan\FIIT\6.semester\BP\Zdrojove kody\HW01\student15_1.c!</message>
</record>
</log>
<?xml version="1.0" encoding="windows-1250" standalone="no"?>
<!DOCTYPE log SYSTEM "logger.dtd">
<log>
<record>
  <date>2021-04-11T17:44:58.025956800Z</date>
  <millis>1618163098025</millis>
  <nanos>956800</nanos>
  <sequence>17</sequence>
  <logger>Backend.Controller.ConsoleController</logger>
  <level>INFO</level>
  <class>Backend.ProgramLogger</class>
  <method>log</method>
  <thread>1</thread>
  <message>Analyzujem súbor: D:\Users\Ivan\FIIT\6.semester\BP\Zdrojove kody\HW01\student15_2.c!</message>
</record>
</log>
<?xml version="1.0" encoding="windows-1250" standalone="no"?>
<!DOCTYPE log SYSTEM "logger.dtd">
<log>
<record>
  <date>2021-04-11T17:44:58.094607900Z</date>
  <millis>1618163098094</millis>
  <nanos>607900</nanos>
  <sequence>18</sequence>
  <logger>Backend.Controller.ConsoleController</logger>
  <level>INFO</level>
  <class>Backend.ProgramLogger</class>
  <method>log</method>
  <thread>1</thread>
  <message>Analyzujem súbor: D:\Users\Ivan\FIIT\6.semester\BP\Zdrojove kody\HW01\student15_3.c!</message>
</record>
</log>
<?xml version="1.0" encoding="windows-1250" standalone="no"?>
<!DOCTYPE log SYSTEM "logger.dtd">
<log>
<record>
  <date>2021-04-11T17:44:58.145093800Z</date>
  <millis>1618163098145</millis>
  <nanos>93800</nanos>
  <sequence>19</sequence>
  <logger>Backend.Controller.ConsoleController</logger>
  <level>INFO</level>
  <class>Backend.ProgramLogger</class>
  <method>log</method>
  <thread>1</thread>
  <message>Analyzujem súbor: D:\Users\Ivan\FIIT\6.semester\BP\Zdrojove kody\HW01\student15_4.c!</message>
</record>
</log>
<?xml version="1.0" encoding="windows-1250" standalone="no"?>
<!DOCTYPE log SYSTEM "logger.dtd">
<log>
<record>
  <date>2021-04-11T17:44:58.214102400Z</date>
  <millis>1618163098214</millis>
  <nanos>102400</nanos>
  <sequence>20</sequence>
  <logger>Backend.Controller.ConsoleController</logger>
  <level>INFO</level>
  <class>Backend.ProgramLogger</class>
  <method>log</method>
  <thread>1</thread>
  <message>Analyzujem súbor: D:\Users\Ivan\FIIT\6.semester\BP\Zdrojove kody\HW01\student16_1.c!</message>
</record>
</log>
<?xml version="1.0" encoding="windows-1250" standalone="no"?>
<!DOCTYPE log SYSTEM "logger.dtd">
<log>
<record>
  <date>2021-04-11T17:44:58.282241700Z</date>
  <millis>1618163098282</millis>
  <nanos>241700</nanos>
  <sequence>21</sequence>
  <logger>Backend.Controller.ConsoleController</logger>
  <level>INFO</level>
  <class>Backend.ProgramLogger</class>
  <method>log</method>
  <thread>1</thread>
  <message>Analyzujem súbor: D:\Users\Ivan\FIIT\6.semester\BP\Zdrojove kody\HW01\student16_2.c!</message>
</record>
</log>
<?xml version="1.0" encoding="windows-1250" standalone="no"?>
<!DOCTYPE log SYSTEM "logger.dtd">
<log>
<record>
  <date>2021-04-11T17:44:58.356320200Z</date>
  <millis>1618163098356</millis>
  <nanos>320200</nanos>
  <sequence>22</sequence>
  <logger>Backend.Controller.ConsoleController</logger>
  <level>INFO</level>
  <class>Backend.ProgramLogger</class>
  <method>log</method>
  <thread>1</thread>
  <message>Analyzujem súbor: D:\Users\Ivan\FIIT\6.semester\BP\Zdrojove kody\HW01\student16_3.c!</message>
</record>
</log>
<?xml version="1.0" encoding="windows-1250" standalone="no"?>
<!DOCTYPE log SYSTEM "logger.dtd">
<log>
<record>
  <date>2021-04-11T17:44:58.433770100Z</date>
  <millis>1618163098433</millis>
  <nanos>770100</nanos>
  <sequence>23</sequence>
  <logger>Backend.Controller.ConsoleController</logger>
  <level>INFO</level>
  <class>Backend.ProgramLogger</class>
  <method>log</method>
  <thread>1</thread>
  <message>Analyzujem súbor: D:\Users\Ivan\FIIT\6.semester\BP\Zdrojove kody\HW01\student16_4.c!</message>
</record>
</log>
<?xml version="1.0" encoding="windows-1250" standalone="no"?>
<!DOCTYPE log SYSTEM "logger.dtd">
<log>
<record>
  <date>2021-04-11T17:44:58.512214900Z</date>
  <millis>1618163098512</millis>
  <nanos>214900</nanos>
  <sequence>24</sequence>
  <logger>Backend.Controller.ConsoleController</logger>
  <level>INFO</level>
  <class>Backend.ProgramLogger</class>
  <method>log</method>
  <thread>1</thread>
  <message>Analyzujem súbor: D:\Users\Ivan\FIIT\6.semester\BP\Zdrojove kody\HW01\student16_5.c!</message>
</record>
</log>
<?xml version="1.0" encoding="windows-1250" standalone="no"?>
<!DOCTYPE log SYSTEM "logger.dtd">
<log>
<record>
  <date>2021-04-11T17:44:58.597838700Z</date>
  <millis>1618163098597</millis>
  <nanos>838700</nanos>
  <sequence>25</sequence>
  <logger>Backend.Controller.ConsoleController</logger>
  <level>INFO</level>
  <class>Backend.ProgramLogger</class>
  <method>log</method>
  <thread>1</thread>
  <message>Analyzujem súbor: D:\Users\Ivan\FIIT\6.semester\BP\Zdrojove kody\HW01\student16_6.c!</message>
</record>
</log>
<?xml version="1.0" encoding="windows-1250" standalone="no"?>
<!DOCTYPE log SYSTEM "logger.dtd">
<log>
<record>
  <date>2021-04-11T17:44:58.677344200Z</date>
  <millis>1618163098677</millis>
  <nanos>344200</nanos>
  <sequence>26</sequence>
  <logger>Backend.Controller.ConsoleController</logger>
  <level>INFO</level>
  <class>Backend.ProgramLogger</class>
  <method>log</method>
  <thread>1</thread>
  <message>Analyzujem súbor: D:\Users\Ivan\FIIT\6.semester\BP\Zdrojove kody\HW01\student17_1.c!</message>
</record>
</log>
<?xml version="1.0" encoding="windows-1250" standalone="no"?>
<!DOCTYPE log SYSTEM "logger.dtd">
<log>
<record>
  <date>2021-04-11T17:44:58.739042900Z</date>
  <millis>1618163098739</millis>
  <nanos>42900</nanos>
  <sequence>27</sequence>
  <logger>Backend.Controller.ConsoleController</logger>
  <level>INFO</level>
  <class>Backend.ProgramLogger</class>
  <method>log</method>
  <thread>1</thread>
  <message>Analyzujem súbor: D:\Users\Ivan\FIIT\6.semester\BP\Zdrojove kody\HW01\student18_1.c!</message>
</record>
</log>
<?xml version="1.0" encoding="windows-1250" standalone="no"?>
<!DOCTYPE log SYSTEM "logger.dtd">
<log>
<record>
  <date>2021-04-11T17:44:58.811675100Z</date>
  <millis>1618163098811</millis>
  <nanos>675100</nanos>
  <sequence>28</sequence>
  <logger>Backend.Controller.ConsoleController</logger>
  <level>INFO</level>
  <class>Backend.ProgramLogger</class>
  <method>log</method>
  <thread>1</thread>
  <message>Analyzujem súbor: D:\Users\Ivan\FIIT\6.semester\BP\Zdrojove kody\HW01\student19_1.c!</message>
</record>
</log>
<?xml version="1.0" encoding="windows-1250" standalone="no"?>
<!DOCTYPE log SYSTEM "logger.dtd">
<log>
<record>
  <date>2021-04-11T17:44:58.874163300Z</date>
  <millis>1618163098874</millis>
  <nanos>163300</nanos>
  <sequence>29</sequence>
  <logger>Backend.Controller.ConsoleController</logger>
  <level>INFO</level>
  <class>Backend.ProgramLogger</class>
  <method>log</method>
  <thread>1</thread>
  <message>Analyzujem súbor: D:\Users\Ivan\FIIT\6.semester\BP\Zdrojove kody\HW01\student19_2.c!</message>
</record>
</log>
<?xml version="1.0" encoding="windows-1250" standalone="no"?>
<!DOCTYPE log SYSTEM "logger.dtd">
<log>
<record>
  <date>2021-04-11T17:44:58.942438500Z</date>
  <millis>1618163098942</millis>
  <nanos>438500</nanos>
  <sequence>30</sequence>
  <logger>Backend.Controller.ConsoleController</logger>
  <level>INFO</level>
  <class>Backend.ProgramLogger</class>
  <method>log</method>
  <thread>1</thread>
  <message>Analyzujem súbor: D:\Users\Ivan\FIIT\6.semester\BP\Zdrojove kody\HW01\student19_3.c!</message>
</record>
</log>
<?xml version="1.0" encoding="windows-1250" standalone="no"?>
<!DOCTYPE log SYSTEM "logger.dtd">
<log>
<record>
  <date>2021-04-11T17:44:59.003497100Z</date>
  <millis>1618163099003</millis>
  <nanos>497100</nanos>
  <sequence>31</sequence>
  <logger>Backend.Controller.ConsoleController</logger>
  <level>INFO</level>
  <class>Backend.ProgramLogger</class>
  <method>log</method>
  <thread>1</thread>
  <message>Analyzujem súbor: D:\Users\Ivan\FIIT\6.semester\BP\Zdrojove kody\HW01\student1_1.c!</message>
</record>
</log>
<?xml version="1.0" encoding="windows-1250" standalone="no"?>
<!DOCTYPE log SYSTEM "logger.dtd">
<log>
<record>
  <date>2021-04-11T17:44:59.055002Z</date>
  <millis>1618163099055</millis>
  <nanos>2000</nanos>
  <sequence>32</sequence>
  <logger>Backend.Controller.ConsoleController</logger>
  <level>INFO</level>
  <class>Backend.ProgramLogger</class>
  <method>log</method>
  <thread>1</thread>
  <message>Analyzujem súbor: D:\Users\Ivan\FIIT\6.semester\BP\Zdrojove kody\HW01\student1_2.c!</message>
</record>
</log>
<?xml version="1.0" encoding="windows-1250" standalone="no"?>
<!DOCTYPE log SYSTEM "logger.dtd">
<log>
<record>
  <date>2021-04-11T17:44:59.151136300Z</date>
  <millis>1618163099151</millis>
  <nanos>136300</nanos>
  <sequence>33</sequence>
  <logger>Backend.Controller.ConsoleController</logger>
  <level>INFO</level>
  <class>Backend.ProgramLogger</class>
  <method>log</method>
  <thread>1</thread>
  <message>Analyzujem súbor: D:\Users\Ivan\FIIT\6.semester\BP\Zdrojove kody\HW01\student1_3.c!</message>
</record>
</log>
<?xml version="1.0" encoding="windows-1250" standalone="no"?>
<!DOCTYPE log SYSTEM "logger.dtd">
<log>
<record>
  <date>2021-04-11T17:44:59.209049Z</date>
  <millis>1618163099209</millis>
  <nanos>49000</nanos>
  <sequence>34</sequence>
  <logger>Backend.Controller.ConsoleController</logger>
  <level>INFO</level>
  <class>Backend.ProgramLogger</class>
  <method>log</method>
  <thread>1</thread>
  <message>Analyzujem súbor: D:\Users\Ivan\FIIT\6.semester\BP\Zdrojove kody\HW01\student20_1.c!</message>
</record>
</log>
<?xml version="1.0" encoding="windows-1250" standalone="no"?>
<!DOCTYPE log SYSTEM "logger.dtd">
<log>
<record>
  <date>2021-04-11T17:44:59.274909500Z</date>
  <millis>1618163099274</millis>
  <nanos>909500</nanos>
  <sequence>35</sequence>
  <logger>Backend.Controller.ConsoleController</logger>
  <level>INFO</level>
  <class>Backend.ProgramLogger</class>
  <method>log</method>
  <thread>1</thread>
  <message>Analyzujem súbor: D:\Users\Ivan\FIIT\6.semester\BP\Zdrojove kody\HW01\student20_2.c!</message>
</record>
</log>
<?xml version="1.0" encoding="windows-1250" standalone="no"?>
<!DOCTYPE log SYSTEM "logger.dtd">
<log>
<record>
  <date>2021-04-11T17:44:59.350321500Z</date>
  <millis>1618163099350</millis>
  <nanos>321500</nanos>
  <sequence>36</sequence>
  <logger>Backend.Controller.ConsoleController</logger>
  <level>INFO</level>
  <class>Backend.ProgramLogger</class>
  <method>log</method>
  <thread>1</thread>
  <message>Analyzujem súbor: D:\Users\Ivan\FIIT\6.semester\BP\Zdrojove kody\HW01\student20_3.c!</message>
</record>
</log>
<?xml version="1.0" encoding="windows-1250" standalone="no"?>
<!DOCTYPE log SYSTEM "logger.dtd">
<log>
<record>
  <date>2021-04-11T17:44:59.404807200Z</date>
  <millis>1618163099404</millis>
  <nanos>807200</nanos>
  <sequence>37</sequence>
  <logger>Backend.Controller.ConsoleController</logger>
  <level>INFO</level>
  <class>Backend.ProgramLogger</class>
  <method>log</method>
  <thread>1</thread>
  <message>Analyzujem súbor: D:\Users\Ivan\FIIT\6.semester\BP\Zdrojove kody\HW01\student20_4.c!</message>
</record>
</log>
<?xml version="1.0" encoding="windows-1250" standalone="no"?>
<!DOCTYPE log SYSTEM "logger.dtd">
<log>
<record>
  <date>2021-04-11T17:44:59.477227600Z</date>
  <millis>1618163099477</millis>
  <nanos>227600</nanos>
  <sequence>38</sequence>
  <logger>Backend.Controller.ConsoleController</logger>
  <level>INFO</level>
  <class>Backend.ProgramLogger</class>
  <method>log</method>
  <thread>1</thread>
  <message>Analyzujem súbor: D:\Users\Ivan\FIIT\6.semester\BP\Zdrojove kody\HW01\student20_5.c!</message>
</record>
</log>
<?xml version="1.0" encoding="windows-1250" standalone="no"?>
<!DOCTYPE log SYSTEM "logger.dtd">
<log>
<record>
  <date>2021-04-11T17:44:59.551589700Z</date>
  <millis>1618163099551</millis>
  <nanos>589700</nanos>
  <sequence>39</sequence>
  <logger>Backend.Controller.ConsoleController</logger>
  <level>INFO</level>
  <class>Backend.ProgramLogger</class>
  <method>log</method>
  <thread>1</thread>
  <message>Analyzujem súbor: D:\Users\Ivan\FIIT\6.semester\BP\Zdrojove kody\HW01\student21_1.c!</message>
</record>
</log>
<?xml version="1.0" encoding="windows-1250" standalone="no"?>
<!DOCTYPE log SYSTEM "logger.dtd">
<log>
<record>
  <date>2021-04-11T17:44:59.657229400Z</date>
  <millis>1618163099657</millis>
  <nanos>229400</nanos>
  <sequence>40</sequence>
  <logger>Backend.Controller.ConsoleController</logger>
  <level>INFO</level>
  <class>Backend.ProgramLogger</class>
  <method>log</method>
  <thread>1</thread>
  <message>Analyzujem súbor: D:\Users\Ivan\FIIT\6.semester\BP\Zdrojove kody\HW01\student21_2.c!</message>
</record>
</log>
<?xml version="1.0" encoding="windows-1250" standalone="no"?>
<!DOCTYPE log SYSTEM "logger.dtd">
<log>
<record>
  <date>2021-04-11T17:44:59.732064900Z</date>
  <millis>1618163099732</millis>
  <nanos>64900</nanos>
  <sequence>41</sequence>
  <logger>Backend.Controller.ConsoleController</logger>
  <level>INFO</level>
  <class>Backend.ProgramLogger</class>
  <method>log</method>
  <thread>1</thread>
  <message>Analyzujem súbor: D:\Users\Ivan\FIIT\6.semester\BP\Zdrojove kody\HW01\student22_1.c!</message>
</record>
</log>
<?xml version="1.0" encoding="windows-1250" standalone="no"?>
<!DOCTYPE log SYSTEM "logger.dtd">
<log>
<record>
  <date>2021-04-11T17:44:59.784913200Z</date>
  <millis>1618163099784</millis>
  <nanos>913200</nanos>
  <sequence>42</sequence>
  <logger>Backend.Controller.ConsoleController</logger>
  <level>INFO</level>
  <class>Backend.ProgramLogger</class>
  <method>log</method>
  <thread>1</thread>
  <message>Analyzujem súbor: D:\Users\Ivan\FIIT\6.semester\BP\Zdrojove kody\HW01\student23_1.c!</message>
</record>
</log>
<?xml version="1.0" encoding="windows-1250" standalone="no"?>
<!DOCTYPE log SYSTEM "logger.dtd">
<log>
<record>
  <date>2021-04-11T17:44:59.851859200Z</date>
  <millis>1618163099851</millis>
  <nanos>859200</nanos>
  <sequence>43</sequence>
  <logger>Backend.Controller.ConsoleController</logger>
  <level>INFO</level>
  <class>Backend.ProgramLogger</class>
  <method>log</method>
  <thread>1</thread>
  <message>Analyzujem súbor: D:\Users\Ivan\FIIT\6.semester\BP\Zdrojove kody\HW01\student24_1.c!</message>
</record>
</log>
<?xml version="1.0" encoding="windows-1250" standalone="no"?>
<!DOCTYPE log SYSTEM "logger.dtd">
<log>
<record>
  <date>2021-04-11T17:45:00.096373600Z</date>
  <millis>1618163100096</millis>
  <nanos>373600</nanos>
  <sequence>44</sequence>
  <logger>Backend.Controller.ConsoleController</logger>
  <level>INFO</level>
  <class>Backend.ProgramLogger</class>
  <method>log</method>
  <thread>1</thread>
  <message>Analyzujem súbor: D:\Users\Ivan\FIIT\6.semester\BP\Zdrojove kody\HW01\student24_2.c!</message>
</record>
</log>
<?xml version="1.0" encoding="windows-1250" standalone="no"?>
<!DOCTYPE log SYSTEM "logger.dtd">
<log>
<record>
  <date>2021-04-11T17:45:00.318993900Z</date>
  <millis>1618163100318</millis>
  <nanos>993900</nanos>
  <sequence>45</sequence>
  <logger>Backend.Controller.ConsoleController</logger>
  <level>INFO</level>
  <class>Backend.ProgramLogger</class>
  <method>log</method>
  <thread>1</thread>
  <message>Analyzujem súbor: D:\Users\Ivan\FIIT\6.semester\BP\Zdrojove kody\HW01\student24_3.c!</message>
</record>
</log>
<?xml version="1.0" encoding="windows-1250" standalone="no"?>
<!DOCTYPE log SYSTEM "logger.dtd">
<log>
<record>
  <date>2021-04-11T17:45:00.554216700Z</date>
  <millis>1618163100554</millis>
  <nanos>216700</nanos>
  <sequence>46</sequence>
  <logger>Backend.Controller.ConsoleController</logger>
  <level>INFO</level>
  <class>Backend.ProgramLogger</class>
  <method>log</method>
  <thread>1</thread>
  <message>Analyzujem súbor: D:\Users\Ivan\FIIT\6.semester\BP\Zdrojove kody\HW01\student24_4.c!</message>
</record>
</log>
<?xml version="1.0" encoding="windows-1250" standalone="no"?>
<!DOCTYPE log SYSTEM "logger.dtd">
<log>
<record>
  <date>2021-04-11T17:45:00.788519600Z</date>
  <millis>1618163100788</millis>
  <nanos>519600</nanos>
  <sequence>47</sequence>
  <logger>Backend.Controller.ConsoleController</logger>
  <level>INFO</level>
  <class>Backend.ProgramLogger</class>
  <method>log</method>
  <thread>1</thread>
  <message>Analyzujem súbor: D:\Users\Ivan\FIIT\6.semester\BP\Zdrojove kody\HW01\student25_1.c!</message>
</record>
</log>
<?xml version="1.0" encoding="windows-1250" standalone="no"?>
<!DOCTYPE log SYSTEM "logger.dtd">
<log>
<record>
  <date>2021-04-11T17:45:00.843551200Z</date>
  <millis>1618163100843</millis>
  <nanos>551200</nanos>
  <sequence>48</sequence>
  <logger>Backend.Controller.ConsoleController</logger>
  <level>INFO</level>
  <class>Backend.ProgramLogger</class>
  <method>log</method>
  <thread>1</thread>
  <message>Analyzujem súbor: D:\Users\Ivan\FIIT\6.semester\BP\Zdrojove kody\HW01\student25_2.c!</message>
</record>
</log>
<?xml version="1.0" encoding="windows-1250" standalone="no"?>
<!DOCTYPE log SYSTEM "logger.dtd">
<log>
<record>
  <date>2021-04-11T17:45:00.896496900Z</date>
  <millis>1618163100896</millis>
  <nanos>496900</nanos>
  <sequence>49</sequence>
  <logger>Backend.Controller.ConsoleController</logger>
  <level>INFO</level>
  <class>Backend.ProgramLogger</class>
  <method>log</method>
  <thread>1</thread>
  <message>Analyzujem súbor: D:\Users\Ivan\FIIT\6.semester\BP\Zdrojove kody\HW01\student26_1.c!</message>
</record>
</log>
<?xml version="1.0" encoding="windows-1250" standalone="no"?>
<!DOCTYPE log SYSTEM "logger.dtd">
<log>
<record>
  <date>2021-04-11T17:45:00.994777100Z</date>
  <millis>1618163100994</millis>
  <nanos>777100</nanos>
  <sequence>50</sequence>
  <logger>Backend.Controller.ConsoleController</logger>
  <level>INFO</level>
  <class>Backend.ProgramLogger</class>
  <method>log</method>
  <thread>1</thread>
  <message>Analyzujem súbor: D:\Users\Ivan\FIIT\6.semester\BP\Zdrojove kody\HW01\student27_1.c!</message>
</record>
</log>
<?xml version="1.0" encoding="windows-1250" standalone="no"?>
<!DOCTYPE log SYSTEM "logger.dtd">
<log>
<record>
  <date>2021-04-11T17:45:01.058898200Z</date>
  <millis>1618163101058</millis>
  <nanos>898200</nanos>
  <sequence>51</sequence>
  <logger>Backend.Controller.ConsoleController</logger>
  <level>INFO</level>
  <class>Backend.ProgramLogger</class>
  <method>log</method>
  <thread>1</thread>
  <message>Analyzujem súbor: D:\Users\Ivan\FIIT\6.semester\BP\Zdrojove kody\HW01\student28_1.c!</message>
</record>
</log>
<?xml version="1.0" encoding="windows-1250" standalone="no"?>
<!DOCTYPE log SYSTEM "logger.dtd">
<log>
<record>
  <date>2021-04-11T17:45:01.101598400Z</date>
  <millis>1618163101101</millis>
  <nanos>598400</nanos>
  <sequence>52</sequence>
  <logger>Backend.Controller.ConsoleController</logger>
  <level>INFO</level>
  <class>Backend.ProgramLogger</class>
  <method>log</method>
  <thread>1</thread>
  <message>Analyzujem súbor: D:\Users\Ivan\FIIT\6.semester\BP\Zdrojove kody\HW01\student28_2.c!</message>
</record>
</log>
<?xml version="1.0" encoding="windows-1250" standalone="no"?>
<!DOCTYPE log SYSTEM "logger.dtd">
<log>
<record>
  <date>2021-04-11T17:45:01.145736900Z</date>
  <millis>1618163101145</millis>
  <nanos>736900</nanos>
  <sequence>53</sequence>
  <logger>Backend.Controller.ConsoleController</logger>
  <level>INFO</level>
  <class>Backend.ProgramLogger</class>
  <method>log</method>
  <thread>1</thread>
  <message>Analyzujem súbor: D:\Users\Ivan\FIIT\6.semester\BP\Zdrojove kody\HW01\student28_3.c!</message>
</record>
</log>
<?xml version="1.0" encoding="windows-1250" standalone="no"?>
<!DOCTYPE log SYSTEM "logger.dtd">
<log>
<record>
  <date>2021-04-11T17:45:01.205911300Z</date>
  <millis>1618163101205</millis>
  <nanos>911300</nanos>
  <sequence>54</sequence>
  <logger>Backend.Controller.ConsoleController</logger>
  <level>INFO</level>
  <class>Backend.ProgramLogger</class>
  <method>log</method>
  <thread>1</thread>
  <message>Analyzujem súbor: D:\Users\Ivan\FIIT\6.semester\BP\Zdrojove kody\HW01\student28_4.c!</message>
</record>
</log>
<?xml version="1.0" encoding="windows-1250" standalone="no"?>
<!DOCTYPE log SYSTEM "logger.dtd">
<log>
<record>
  <date>2021-04-11T17:45:01.249859400Z</date>
  <millis>1618163101249</millis>
  <nanos>859400</nanos>
  <sequence>55</sequence>
  <logger>Backend.Controller.ConsoleController</logger>
  <level>INFO</level>
  <class>Backend.ProgramLogger</class>
  <method>log</method>
  <thread>1</thread>
  <message>Analyzujem súbor: D:\Users\Ivan\FIIT\6.semester\BP\Zdrojove kody\HW01\student28_5.c!</message>
</record>
</log>
<?xml version="1.0" encoding="windows-1250" standalone="no"?>
<!DOCTYPE log SYSTEM "logger.dtd">
<log>
<record>
  <date>2021-04-11T17:45:01.325763300Z</date>
  <millis>1618163101325</millis>
  <nanos>763300</nanos>
  <sequence>56</sequence>
  <logger>Backend.Controller.ConsoleController</logger>
  <level>INFO</level>
  <class>Backend.ProgramLogger</class>
  <method>log</method>
  <thread>1</thread>
  <message>Analyzujem súbor: D:\Users\Ivan\FIIT\6.semester\BP\Zdrojove kody\HW01\student29_1.c!</message>
</record>
</log>
<?xml version="1.0" encoding="windows-1250" standalone="no"?>
<!DOCTYPE log SYSTEM "logger.dtd">
<log>
<record>
  <date>2021-04-11T17:45:01.468298600Z</date>
  <millis>1618163101468</millis>
  <nanos>298600</nanos>
  <sequence>57</sequence>
  <logger>Backend.Controller.ConsoleController</logger>
  <level>INFO</level>
  <class>Backend.ProgramLogger</class>
  <method>log</method>
  <thread>1</thread>
  <message>Analyzujem súbor: D:\Users\Ivan\FIIT\6.semester\BP\Zdrojove kody\HW01\student29_2.c!</message>
</record>
</log>
<?xml version="1.0" encoding="windows-1250" standalone="no"?>
<!DOCTYPE log SYSTEM "logger.dtd">
<log>
<record>
  <date>2021-04-11T17:45:01.611108500Z</date>
  <millis>1618163101611</millis>
  <nanos>108500</nanos>
  <sequence>58</sequence>
  <logger>Backend.Controller.ConsoleController</logger>
  <level>INFO</level>
  <class>Backend.ProgramLogger</class>
  <method>log</method>
  <thread>1</thread>
  <message>Analyzujem súbor: D:\Users\Ivan\FIIT\6.semester\BP\Zdrojove kody\HW01\student2_1.c!</message>
</record>
</log>
<?xml version="1.0" encoding="windows-1250" standalone="no"?>
<!DOCTYPE log SYSTEM "logger.dtd">
<log>
<record>
  <date>2021-04-11T17:45:01.661921800Z</date>
  <millis>1618163101661</millis>
  <nanos>921800</nanos>
  <sequence>59</sequence>
  <logger>Backend.Controller.ConsoleController</logger>
  <level>INFO</level>
  <class>Backend.ProgramLogger</class>
  <method>log</method>
  <thread>1</thread>
  <message>Analyzujem súbor: D:\Users\Ivan\FIIT\6.semester\BP\Zdrojove kody\HW01\student2_2.c!</message>
</record>
</log>
<?xml version="1.0" encoding="windows-1250" standalone="no"?>
<!DOCTYPE log SYSTEM "logger.dtd">
<log>
<record>
  <date>2021-04-11T17:45:01.724826700Z</date>
  <millis>1618163101724</millis>
  <nanos>826700</nanos>
  <sequence>60</sequence>
  <logger>Backend.Controller.ConsoleController</logger>
  <level>INFO</level>
  <class>Backend.ProgramLogger</class>
  <method>log</method>
  <thread>1</thread>
  <message>Analyzujem súbor: D:\Users\Ivan\FIIT\6.semester\BP\Zdrojove kody\HW01\student30_1.c!</message>
</record>
</log>
<?xml version="1.0" encoding="windows-1250" standalone="no"?>
<!DOCTYPE log SYSTEM "logger.dtd">
<log>
<record>
  <date>2021-04-11T17:45:01.778730500Z</date>
  <millis>1618163101778</millis>
  <nanos>730500</nanos>
  <sequence>61</sequence>
  <logger>Backend.Controller.ConsoleController</logger>
  <level>INFO</level>
  <class>Backend.ProgramLogger</class>
  <method>log</method>
  <thread>1</thread>
  <message>Analyzujem súbor: D:\Users\Ivan\FIIT\6.semester\BP\Zdrojove kody\HW01\student30_2.c!</message>
</record>
</log>
<?xml version="1.0" encoding="windows-1250" standalone="no"?>
<!DOCTYPE log SYSTEM "logger.dtd">
<log>
<record>
  <date>2021-04-11T17:45:01.832473200Z</date>
  <millis>1618163101832</millis>
  <nanos>473200</nanos>
  <sequence>62</sequence>
  <logger>Backend.Controller.ConsoleController</logger>
  <level>INFO</level>
  <class>Backend.ProgramLogger</class>
  <method>log</method>
  <thread>1</thread>
  <message>Analyzujem súbor: D:\Users\Ivan\FIIT\6.semester\BP\Zdrojove kody\HW01\student30_3.c!</message>
</record>
</log>
<?xml version="1.0" encoding="windows-1250" standalone="no"?>
<!DOCTYPE log SYSTEM "logger.dtd">
<log>
<record>
  <date>2021-04-11T17:45:01.906511500Z</date>
  <millis>1618163101906</millis>
  <nanos>511500</nanos>
  <sequence>63</sequence>
  <logger>Backend.Controller.ConsoleController</logger>
  <level>INFO</level>
  <class>Backend.ProgramLogger</class>
  <method>log</method>
  <thread>1</thread>
  <message>Analyzujem súbor: D:\Users\Ivan\FIIT\6.semester\BP\Zdrojove kody\HW01\student30_4.c!</message>
</record>
</log>
<?xml version="1.0" encoding="windows-1250" standalone="no"?>
<!DOCTYPE log SYSTEM "logger.dtd">
<log>
<record>
  <date>2021-04-11T17:45:01.961954400Z</date>
  <millis>1618163101961</millis>
  <nanos>954400</nanos>
  <sequence>64</sequence>
  <logger>Backend.Controller.ConsoleController</logger>
  <level>INFO</level>
  <class>Backend.ProgramLogger</class>
  <method>log</method>
  <thread>1</thread>
  <message>Analyzujem súbor: D:\Users\Ivan\FIIT\6.semester\BP\Zdrojove kody\HW01\student30_5.c!</message>
</record>
</log>
<?xml version="1.0" encoding="windows-1250" standalone="no"?>
<!DOCTYPE log SYSTEM "logger.dtd">
<log>
<record>
  <date>2021-04-11T17:45:02.011230100Z</date>
  <millis>1618163102011</millis>
  <nanos>230100</nanos>
  <sequence>65</sequence>
  <logger>Backend.Controller.ConsoleController</logger>
  <level>INFO</level>
  <class>Backend.ProgramLogger</class>
  <method>log</method>
  <thread>1</thread>
  <message>Analyzujem súbor: D:\Users\Ivan\FIIT\6.semester\BP\Zdrojove kody\HW01\student30_6.c!</message>
</record>
</log>
<?xml version="1.0" encoding="windows-1250" standalone="no"?>
<!DOCTYPE log SYSTEM "logger.dtd">
<log>
<record>
  <date>2021-04-11T17:45:02.058076600Z</date>
  <millis>1618163102058</millis>
  <nanos>76600</nanos>
  <sequence>66</sequence>
  <logger>Backend.Controller.ConsoleController</logger>
  <level>INFO</level>
  <class>Backend.ProgramLogger</class>
  <method>log</method>
  <thread>1</thread>
  <message>Analyzujem súbor: D:\Users\Ivan\FIIT\6.semester\BP\Zdrojove kody\HW01\student30_7.c!</message>
</record>
</log>
<?xml version="1.0" encoding="windows-1250" standalone="no"?>
<!DOCTYPE log SYSTEM "logger.dtd">
<log>
<record>
  <date>2021-04-11T17:45:02.105368200Z</date>
  <millis>1618163102105</millis>
  <nanos>368200</nanos>
  <sequence>67</sequence>
  <logger>Backend.Controller.ConsoleController</logger>
  <level>INFO</level>
  <class>Backend.ProgramLogger</class>
  <method>log</method>
  <thread>1</thread>
  <message>Analyzujem súbor: D:\Users\Ivan\FIIT\6.semester\BP\Zdrojove kody\HW01\student30_8.c!</message>
</record>
</log>
<?xml version="1.0" encoding="windows-1250" standalone="no"?>
<!DOCTYPE log SYSTEM "logger.dtd">
<log>
<record>
  <date>2021-04-11T17:45:02.151368400Z</date>
  <millis>1618163102151</millis>
  <nanos>368400</nanos>
  <sequence>68</sequence>
  <logger>Backend.Controller.ConsoleController</logger>
  <level>INFO</level>
  <class>Backend.ProgramLogger</class>
  <method>log</method>
  <thread>1</thread>
  <message>Analyzujem súbor: D:\Users\Ivan\FIIT\6.semester\BP\Zdrojove kody\HW01\student31_1.c!</message>
</record>
</log>
<?xml version="1.0" encoding="windows-1250" standalone="no"?>
<!DOCTYPE log SYSTEM "logger.dtd">
<log>
<record>
  <date>2021-04-11T17:45:02.508596600Z</date>
  <millis>1618163102508</millis>
  <nanos>596600</nanos>
  <sequence>69</sequence>
  <logger>Backend.Controller.ConsoleController</logger>
  <level>INFO</level>
  <class>Backend.ProgramLogger</class>
  <method>log</method>
  <thread>1</thread>
  <message>Analyzujem súbor: D:\Users\Ivan\FIIT\6.semester\BP\Zdrojove kody\HW01\student31_2.c!</message>
</record>
</log>
<?xml version="1.0" encoding="windows-1250" standalone="no"?>
<!DOCTYPE log SYSTEM "logger.dtd">
<log>
<record>
  <date>2021-04-11T17:45:02.557747Z</date>
  <millis>1618163102557</millis>
  <nanos>747000</nanos>
  <sequence>70</sequence>
  <logger>Backend.Controller.ConsoleController</logger>
  <level>INFO</level>
  <class>Backend.ProgramLogger</class>
  <method>log</method>
  <thread>1</thread>
  <message>Analyzujem súbor: D:\Users\Ivan\FIIT\6.semester\BP\Zdrojove kody\HW01\student31_3.c!</message>
</record>
</log>
<?xml version="1.0" encoding="windows-1250" standalone="no"?>
<!DOCTYPE log SYSTEM "logger.dtd">
<log>
<record>
  <date>2021-04-11T17:45:02.607140300Z</date>
  <millis>1618163102607</millis>
  <nanos>140300</nanos>
  <sequence>71</sequence>
  <logger>Backend.Controller.ConsoleController</logger>
  <level>INFO</level>
  <class>Backend.ProgramLogger</class>
  <method>log</method>
  <thread>1</thread>
  <message>Analyzujem súbor: D:\Users\Ivan\FIIT\6.semester\BP\Zdrojove kody\HW01\student31_4.c!</message>
</record>
</log>
<?xml version="1.0" encoding="windows-1250" standalone="no"?>
<!DOCTYPE log SYSTEM "logger.dtd">
<log>
<record>
  <date>2021-04-11T17:45:02.653866700Z</date>
  <millis>1618163102653</millis>
  <nanos>866700</nanos>
  <sequence>72</sequence>
  <logger>Backend.Controller.ConsoleController</logger>
  <level>INFO</level>
  <class>Backend.ProgramLogger</class>
  <method>log</method>
  <thread>1</thread>
  <message>Analyzujem súbor: D:\Users\Ivan\FIIT\6.semester\BP\Zdrojove kody\HW01\student32_1.c!</message>
</record>
</log>
<?xml version="1.0" encoding="windows-1250" standalone="no"?>
<!DOCTYPE log SYSTEM "logger.dtd">
<log>
<record>
  <date>2021-04-11T17:45:02.701559700Z</date>
  <millis>1618163102701</millis>
  <nanos>559700</nanos>
  <sequence>73</sequence>
  <logger>Backend.Controller.ConsoleController</logger>
  <level>INFO</level>
  <class>Backend.ProgramLogger</class>
  <method>log</method>
  <thread>1</thread>
  <message>Analyzujem súbor: D:\Users\Ivan\FIIT\6.semester\BP\Zdrojove kody\HW01\student32_2.c!</message>
</record>
</log>
<?xml version="1.0" encoding="windows-1250" standalone="no"?>
<!DOCTYPE log SYSTEM "logger.dtd">
<log>
<record>
  <date>2021-04-11T17:45:02.751169300Z</date>
  <millis>1618163102751</millis>
  <nanos>169300</nanos>
  <sequence>74</sequence>
  <logger>Backend.Controller.ConsoleController</logger>
  <level>INFO</level>
  <class>Backend.ProgramLogger</class>
  <method>log</method>
  <thread>1</thread>
  <message>Analyzujem súbor: D:\Users\Ivan\FIIT\6.semester\BP\Zdrojove kody\HW01\student33_1.c!</message>
</record>
</log>
<?xml version="1.0" encoding="windows-1250" standalone="no"?>
<!DOCTYPE log SYSTEM "logger.dtd">
<log>
<record>
  <date>2021-04-11T17:45:02.800160900Z</date>
  <millis>1618163102800</millis>
  <nanos>160900</nanos>
  <sequence>75</sequence>
  <logger>Backend.Controller.ConsoleController</logger>
  <level>INFO</level>
  <class>Backend.ProgramLogger</class>
  <method>log</method>
  <thread>1</thread>
  <message>Analyzujem súbor: D:\Users\Ivan\FIIT\6.semester\BP\Zdrojove kody\HW01\student34_1.c!</message>
</record>
</log>
<?xml version="1.0" encoding="windows-1250" standalone="no"?>
<!DOCTYPE log SYSTEM "logger.dtd">
<log>
<record>
  <date>2021-04-11T17:45:02.865449800Z</date>
  <millis>1618163102865</millis>
  <nanos>449800</nanos>
  <sequence>76</sequence>
  <logger>Backend.Controller.ConsoleController</logger>
  <level>INFO</level>
  <class>Backend.ProgramLogger</class>
  <method>log</method>
  <thread>1</thread>
  <message>Analyzujem súbor: D:\Users\Ivan\FIIT\6.semester\BP\Zdrojove kody\HW01\student34_2.c!</message>
</record>
</log>
<?xml version="1.0" encoding="windows-1250" standalone="no"?>
<!DOCTYPE log SYSTEM "logger.dtd">
<log>
<record>
  <date>2021-04-11T17:45:02.918812600Z</date>
  <millis>1618163102918</millis>
  <nanos>812600</nanos>
  <sequence>77</sequence>
  <logger>Backend.Controller.ConsoleController</logger>
  <level>INFO</level>
  <class>Backend.ProgramLogger</class>
  <method>log</method>
  <thread>1</thread>
  <message>Analyzujem súbor: D:\Users\Ivan\FIIT\6.semester\BP\Zdrojove kody\HW01\student34_3.c!</message>
</record>
</log>
<?xml version="1.0" encoding="windows-1250" standalone="no"?>
<!DOCTYPE log SYSTEM "logger.dtd">
<log>
<record>
  <date>2021-04-11T17:45:02.973093900Z</date>
  <millis>1618163102973</millis>
  <nanos>93900</nanos>
  <sequence>78</sequence>
  <logger>Backend.Controller.ConsoleController</logger>
  <level>INFO</level>
  <class>Backend.ProgramLogger</class>
  <method>log</method>
  <thread>1</thread>
  <message>Analyzujem súbor: D:\Users\Ivan\FIIT\6.semester\BP\Zdrojove kody\HW01\student34_4.c!</message>
</record>
</log>
<?xml version="1.0" encoding="windows-1250" standalone="no"?>
<!DOCTYPE log SYSTEM "logger.dtd">
<log>
<record>
  <date>2021-04-11T17:45:03.030705500Z</date>
  <millis>1618163103030</millis>
  <nanos>705500</nanos>
  <sequence>79</sequence>
  <logger>Backend.Controller.ConsoleController</logger>
  <level>INFO</level>
  <class>Backend.ProgramLogger</class>
  <method>log</method>
  <thread>1</thread>
  <message>Analyzujem súbor: D:\Users\Ivan\FIIT\6.semester\BP\Zdrojove kody\HW01\student34_5.c!</message>
</record>
</log>
<?xml version="1.0" encoding="windows-1250" standalone="no"?>
<!DOCTYPE log SYSTEM "logger.dtd">
<log>
<record>
  <date>2021-04-11T17:45:03.087250500Z</date>
  <millis>1618163103087</millis>
  <nanos>250500</nanos>
  <sequence>80</sequence>
  <logger>Backend.Controller.ConsoleController</logger>
  <level>INFO</level>
  <class>Backend.ProgramLogger</class>
  <method>log</method>
  <thread>1</thread>
  <message>Analyzujem súbor: D:\Users\Ivan\FIIT\6.semester\BP\Zdrojove kody\HW01\student34_6.c!</message>
</record>
</log>
<?xml version="1.0" encoding="windows-1250" standalone="no"?>
<!DOCTYPE log SYSTEM "logger.dtd">
<log>
<record>
  <date>2021-04-11T17:45:03.138215Z</date>
  <millis>1618163103138</millis>
  <nanos>215000</nanos>
  <sequence>81</sequence>
  <logger>Backend.Controller.ConsoleController</logger>
  <level>INFO</level>
  <class>Backend.ProgramLogger</class>
  <method>log</method>
  <thread>1</thread>
  <message>Analyzujem súbor: D:\Users\Ivan\FIIT\6.semester\BP\Zdrojove kody\HW01\student35_1.c!</message>
</record>
</log>
<?xml version="1.0" encoding="windows-1250" standalone="no"?>
<!DOCTYPE log SYSTEM "logger.dtd">
<log>
<record>
  <date>2021-04-11T17:45:03.192247100Z</date>
  <millis>1618163103192</millis>
  <nanos>247100</nanos>
  <sequence>82</sequence>
  <logger>Backend.Controller.ConsoleController</logger>
  <level>INFO</level>
  <class>Backend.ProgramLogger</class>
  <method>log</method>
  <thread>1</thread>
  <message>Analyzujem súbor: D:\Users\Ivan\FIIT\6.semester\BP\Zdrojove kody\HW01\student35_2.c!</message>
</record>
</log>
<?xml version="1.0" encoding="windows-1250" standalone="no"?>
<!DOCTYPE log SYSTEM "logger.dtd">
<log>
<record>
  <date>2021-04-11T17:45:03.246612900Z</date>
  <millis>1618163103246</millis>
  <nanos>612900</nanos>
  <sequence>83</sequence>
  <logger>Backend.Controller.ConsoleController</logger>
  <level>INFO</level>
  <class>Backend.ProgramLogger</class>
  <method>log</method>
  <thread>1</thread>
  <message>Analyzujem súbor: D:\Users\Ivan\FIIT\6.semester\BP\Zdrojove kody\HW01\student35_3.c!</message>
</record>
</log>
<?xml version="1.0" encoding="windows-1250" standalone="no"?>
<!DOCTYPE log SYSTEM "logger.dtd">
<log>
<record>
  <date>2021-04-11T17:45:03.304847300Z</date>
  <millis>1618163103304</millis>
  <nanos>847300</nanos>
  <sequence>84</sequence>
  <logger>Backend.Controller.ConsoleController</logger>
  <level>INFO</level>
  <class>Backend.ProgramLogger</class>
  <method>log</method>
  <thread>1</thread>
  <message>Analyzujem súbor: D:\Users\Ivan\FIIT\6.semester\BP\Zdrojove kody\HW01\student35_4.c!</message>
</record>
</log>
<?xml version="1.0" encoding="windows-1250" standalone="no"?>
<!DOCTYPE log SYSTEM "logger.dtd">
<log>
<record>
  <date>2021-04-11T17:45:03.342416500Z</date>
  <millis>1618163103342</millis>
  <nanos>416500</nanos>
  <sequence>85</sequence>
  <logger>Backend.Controller.ConsoleController</logger>
  <level>INFO</level>
  <class>Backend.ProgramLogger</class>
  <method>log</method>
  <thread>1</thread>
  <message>Analyzujem súbor: D:\Users\Ivan\FIIT\6.semester\BP\Zdrojove kody\HW01\student36_1.c!</message>
</record>
</log>
<?xml version="1.0" encoding="windows-1250" standalone="no"?>
<!DOCTYPE log SYSTEM "logger.dtd">
<log>
<record>
  <date>2021-04-11T17:45:03.423688900Z</date>
  <millis>1618163103423</millis>
  <nanos>688900</nanos>
  <sequence>86</sequence>
  <logger>Backend.Controller.ConsoleController</logger>
  <level>INFO</level>
  <class>Backend.ProgramLogger</class>
  <method>log</method>
  <thread>1</thread>
  <message>Analyzujem súbor: D:\Users\Ivan\FIIT\6.semester\BP\Zdrojove kody\HW01\student36_2.c!</message>
</record>
</log>
<?xml version="1.0" encoding="windows-1250" standalone="no"?>
<!DOCTYPE log SYSTEM "logger.dtd">
<log>
<record>
  <date>2021-04-11T17:45:03.493831800Z</date>
  <millis>1618163103493</millis>
  <nanos>831800</nanos>
  <sequence>87</sequence>
  <logger>Backend.Controller.ConsoleController</logger>
  <level>INFO</level>
  <class>Backend.ProgramLogger</class>
  <method>log</method>
  <thread>1</thread>
  <message>Analyzujem súbor: D:\Users\Ivan\FIIT\6.semester\BP\Zdrojove kody\HW01\student36_3.c!</message>
</record>
</log>
<?xml version="1.0" encoding="windows-1250" standalone="no"?>
<!DOCTYPE log SYSTEM "logger.dtd">
<log>
<record>
  <date>2021-04-11T17:45:03.572102800Z</date>
  <millis>1618163103572</millis>
  <nanos>102800</nanos>
  <sequence>88</sequence>
  <logger>Backend.Controller.ConsoleController</logger>
  <level>INFO</level>
  <class>Backend.ProgramLogger</class>
  <method>log</method>
  <thread>1</thread>
  <message>Analyzujem súbor: D:\Users\Ivan\FIIT\6.semester\BP\Zdrojove kody\HW01\student37_1.c!</message>
</record>
</log>
<?xml version="1.0" encoding="windows-1250" standalone="no"?>
<!DOCTYPE log SYSTEM "logger.dtd">
<log>
<record>
  <date>2021-04-11T17:45:03.628244400Z</date>
  <millis>1618163103628</millis>
  <nanos>244400</nanos>
  <sequence>89</sequence>
  <logger>Backend.Controller.ConsoleController</logger>
  <level>INFO</level>
  <class>Backend.ProgramLogger</class>
  <method>log</method>
  <thread>1</thread>
  <message>Analyzujem súbor: D:\Users\Ivan\FIIT\6.semester\BP\Zdrojove kody\HW01\student38_1.c!</message>
</record>
</log>
<?xml version="1.0" encoding="windows-1250" standalone="no"?>
<!DOCTYPE log SYSTEM "logger.dtd">
<log>
<record>
  <date>2021-04-11T17:45:03.680003400Z</date>
  <millis>1618163103680</millis>
  <nanos>3400</nanos>
  <sequence>90</sequence>
  <logger>Backend.Controller.ConsoleController</logger>
  <level>INFO</level>
  <class>Backend.ProgramLogger</class>
  <method>log</method>
  <thread>1</thread>
  <message>Analyzujem súbor: D:\Users\Ivan\FIIT\6.semester\BP\Zdrojove kody\HW01\student38_2.c!</message>
</record>
</log>
<?xml version="1.0" encoding="windows-1250" standalone="no"?>
<!DOCTYPE log SYSTEM "logger.dtd">
<log>
<record>
  <date>2021-04-11T17:45:03.728680700Z</date>
  <millis>1618163103728</millis>
  <nanos>680700</nanos>
  <sequence>91</sequence>
  <logger>Backend.Controller.ConsoleController</logger>
  <level>INFO</level>
  <class>Backend.ProgramLogger</class>
  <method>log</method>
  <thread>1</thread>
  <message>Analyzujem súbor: D:\Users\Ivan\FIIT\6.semester\BP\Zdrojove kody\HW01\student38_3.c!</message>
</record>
</log>
<?xml version="1.0" encoding="windows-1250" standalone="no"?>
<!DOCTYPE log SYSTEM "logger.dtd">
<log>
<record>
  <date>2021-04-11T17:45:03.778667500Z</date>
  <millis>1618163103778</millis>
  <nanos>667500</nanos>
  <sequence>92</sequence>
  <logger>Backend.Controller.ConsoleController</logger>
  <level>INFO</level>
  <class>Backend.ProgramLogger</class>
  <method>log</method>
  <thread>1</thread>
  <message>Analyzujem súbor: D:\Users\Ivan\FIIT\6.semester\BP\Zdrojove kody\HW01\student39_1.c!</message>
</record>
</log>
<?xml version="1.0" encoding="windows-1250" standalone="no"?>
<!DOCTYPE log SYSTEM "logger.dtd">
<log>
<record>
  <date>2021-04-11T17:45:03.836718400Z</date>
  <millis>1618163103836</millis>
  <nanos>718400</nanos>
  <sequence>93</sequence>
  <logger>Backend.Controller.ConsoleController</logger>
  <level>INFO</level>
  <class>Backend.ProgramLogger</class>
  <method>log</method>
  <thread>1</thread>
  <message>Analyzujem súbor: D:\Users\Ivan\FIIT\6.semester\BP\Zdrojove kody\HW01\student3_1.c!</message>
</record>
</log>
<?xml version="1.0" encoding="windows-1250" standalone="no"?>
<!DOCTYPE log SYSTEM "logger.dtd">
<log>
<record>
  <date>2021-04-11T17:45:03.891290500Z</date>
  <millis>1618163103891</millis>
  <nanos>290500</nanos>
  <sequence>94</sequence>
  <logger>Backend.Controller.ConsoleController</logger>
  <level>INFO</level>
  <class>Backend.ProgramLogger</class>
  <method>log</method>
  <thread>1</thread>
  <message>Analyzujem súbor: D:\Users\Ivan\FIIT\6.semester\BP\Zdrojove kody\HW01\student3_2.c!</message>
</record>
</log>
<?xml version="1.0" encoding="windows-1250" standalone="no"?>
<!DOCTYPE log SYSTEM "logger.dtd">
<log>
<record>
  <date>2021-04-11T17:45:03.939347400Z</date>
  <millis>1618163103939</millis>
  <nanos>347400</nanos>
  <sequence>95</sequence>
  <logger>Backend.Controller.ConsoleController</logger>
  <level>INFO</level>
  <class>Backend.ProgramLogger</class>
  <method>log</method>
  <thread>1</thread>
  <message>Analyzujem súbor: D:\Users\Ivan\FIIT\6.semester\BP\Zdrojove kody\HW01\student40_1.c!</message>
</record>
</log>
<?xml version="1.0" encoding="windows-1250" standalone="no"?>
<!DOCTYPE log SYSTEM "logger.dtd">
<log>
<record>
  <date>2021-04-11T17:45:03.998214600Z</date>
  <millis>1618163103998</millis>
  <nanos>214600</nanos>
  <sequence>96</sequence>
  <logger>Backend.Controller.ConsoleController</logger>
  <level>INFO</level>
  <class>Backend.ProgramLogger</class>
  <method>log</method>
  <thread>1</thread>
  <message>Analyzujem súbor: D:\Users\Ivan\FIIT\6.semester\BP\Zdrojove kody\HW01\student40_2.c!</message>
</record>
</log>
<?xml version="1.0" encoding="windows-1250" standalone="no"?>
<!DOCTYPE log SYSTEM "logger.dtd">
<log>
<record>
  <date>2021-04-11T17:45:04.069159400Z</date>
  <millis>1618163104069</millis>
  <nanos>159400</nanos>
  <sequence>97</sequence>
  <logger>Backend.Controller.ConsoleController</logger>
  <level>INFO</level>
  <class>Backend.ProgramLogger</class>
  <method>log</method>
  <thread>1</thread>
  <message>Analyzujem súbor: D:\Users\Ivan\FIIT\6.semester\BP\Zdrojove kody\HW01\student41_1.c!</message>
</record>
</log>
<?xml version="1.0" encoding="windows-1250" standalone="no"?>
<!DOCTYPE log SYSTEM "logger.dtd">
<log>
<record>
  <date>2021-04-11T17:45:04.120793400Z</date>
  <millis>1618163104120</millis>
  <nanos>793400</nanos>
  <sequence>98</sequence>
  <logger>Backend.Controller.ConsoleController</logger>
  <level>INFO</level>
  <class>Backend.ProgramLogger</class>
  <method>log</method>
  <thread>1</thread>
  <message>Analyzujem súbor: D:\Users\Ivan\FIIT\6.semester\BP\Zdrojove kody\HW01\student41_2.c!</message>
</record>
</log>
<?xml version="1.0" encoding="windows-1250" standalone="no"?>
<!DOCTYPE log SYSTEM "logger.dtd">
<log>
<record>
  <date>2021-04-11T17:45:04.168262600Z</date>
  <millis>1618163104168</millis>
  <nanos>262600</nanos>
  <sequence>99</sequence>
  <logger>Backend.Controller.ConsoleController</logger>
  <level>INFO</level>
  <class>Backend.ProgramLogger</class>
  <method>log</method>
  <thread>1</thread>
  <message>Analyzujem súbor: D:\Users\Ivan\FIIT\6.semester\BP\Zdrojove kody\HW01\student42_1.c!</message>
</record>
</log>
<?xml version="1.0" encoding="windows-1250" standalone="no"?>
<!DOCTYPE log SYSTEM "logger.dtd">
<log>
<record>
  <date>2021-04-11T17:45:04.224834300Z</date>
  <millis>1618163104224</millis>
  <nanos>834300</nanos>
  <sequence>100</sequence>
  <logger>Backend.Controller.ConsoleController</logger>
  <level>INFO</level>
  <class>Backend.ProgramLogger</class>
  <method>log</method>
  <thread>1</thread>
  <message>Analyzujem súbor: D:\Users\Ivan\FIIT\6.semester\BP\Zdrojove kody\HW01\student42_2.c!</message>
</record>
</log>
<?xml version="1.0" encoding="windows-1250" standalone="no"?>
<!DOCTYPE log SYSTEM "logger.dtd">
<log>
<record>
  <date>2021-04-11T17:45:04.275005800Z</date>
  <millis>1618163104275</millis>
  <nanos>5800</nanos>
  <sequence>101</sequence>
  <logger>Backend.Controller.ConsoleController</logger>
  <level>INFO</level>
  <class>Backend.ProgramLogger</class>
  <method>log</method>
  <thread>1</thread>
  <message>Analyzujem súbor: D:\Users\Ivan\FIIT\6.semester\BP\Zdrojove kody\HW01\student43_1.c!</message>
</record>
</log>
<?xml version="1.0" encoding="windows-1250" standalone="no"?>
<!DOCTYPE log SYSTEM "logger.dtd">
<log>
<record>
  <date>2021-04-11T17:45:04.325779600Z</date>
  <millis>1618163104325</millis>
  <nanos>779600</nanos>
  <sequence>102</sequence>
  <logger>Backend.Controller.ConsoleController</logger>
  <level>INFO</level>
  <class>Backend.ProgramLogger</class>
  <method>log</method>
  <thread>1</thread>
  <message>Analyzujem súbor: D:\Users\Ivan\FIIT\6.semester\BP\Zdrojove kody\HW01\student43_2.c!</message>
</record>
</log>
<?xml version="1.0" encoding="windows-1250" standalone="no"?>
<!DOCTYPE log SYSTEM "logger.dtd">
<log>
<record>
  <date>2021-04-11T17:45:04.407805900Z</date>
  <millis>1618163104407</millis>
  <nanos>805900</nanos>
  <sequence>103</sequence>
  <logger>Backend.Controller.ConsoleController</logger>
  <level>INFO</level>
  <class>Backend.ProgramLogger</class>
  <method>log</method>
  <thread>1</thread>
  <message>Analyzujem súbor: D:\Users\Ivan\FIIT\6.semester\BP\Zdrojove kody\HW01\student44_1.c!</message>
</record>
</log>
<?xml version="1.0" encoding="windows-1250" standalone="no"?>
<!DOCTYPE log SYSTEM "logger.dtd">
<log>
<record>
  <date>2021-04-11T17:45:04.516017500Z</date>
  <millis>1618163104516</millis>
  <nanos>17500</nanos>
  <sequence>104</sequence>
  <logger>Backend.Controller.ConsoleController</logger>
  <level>INFO</level>
  <class>Backend.ProgramLogger</class>
  <method>log</method>
  <thread>1</thread>
  <message>Analyzujem súbor: D:\Users\Ivan\FIIT\6.semester\BP\Zdrojove kody\HW01\student45_1.c!</message>
</record>
</log>
<?xml version="1.0" encoding="windows-1250" standalone="no"?>
<!DOCTYPE log SYSTEM "logger.dtd">
<log>
<record>
  <date>2021-04-11T17:45:04.627215Z</date>
  <millis>1618163104627</millis>
  <nanos>215000</nanos>
  <sequence>105</sequence>
  <logger>Backend.Controller.ConsoleController</logger>
  <level>INFO</level>
  <class>Backend.ProgramLogger</class>
  <method>log</method>
  <thread>1</thread>
  <message>Analyzujem súbor: D:\Users\Ivan\FIIT\6.semester\BP\Zdrojove kody\HW01\student46_1.c!</message>
</record>
</log>
<?xml version="1.0" encoding="windows-1250" standalone="no"?>
<!DOCTYPE log SYSTEM "logger.dtd">
<log>
<record>
  <date>2021-04-11T17:45:04.727854300Z</date>
  <millis>1618163104727</millis>
  <nanos>854300</nanos>
  <sequence>106</sequence>
  <logger>Backend.Controller.ConsoleController</logger>
  <level>INFO</level>
  <class>Backend.ProgramLogger</class>
  <method>log</method>
  <thread>1</thread>
  <message>Analyzujem súbor: D:\Users\Ivan\FIIT\6.semester\BP\Zdrojove kody\HW01\student46_2.c!</message>
</record>
</log>
<?xml version="1.0" encoding="windows-1250" standalone="no"?>
<!DOCTYPE log SYSTEM "logger.dtd">
<log>
<record>
  <date>2021-04-11T17:45:04.878400Z</date>
  <millis>1618163104878</millis>
  <nanos>400000</nanos>
  <sequence>107</sequence>
  <logger>Backend.Controller.ConsoleController</logger>
  <level>INFO</level>
  <class>Backend.ProgramLogger</class>
  <method>log</method>
  <thread>1</thread>
  <message>Analyzujem súbor: D:\Users\Ivan\FIIT\6.semester\BP\Zdrojove kody\HW01\student46_3.c!</message>
</record>
</log>
<?xml version="1.0" encoding="windows-1250" standalone="no"?>
<!DOCTYPE log SYSTEM "logger.dtd">
<log>
<record>
  <date>2021-04-11T17:45:05.060884400Z</date>
  <millis>1618163105060</millis>
  <nanos>884400</nanos>
  <sequence>108</sequence>
  <logger>Backend.Controller.ConsoleController</logger>
  <level>INFO</level>
  <class>Backend.ProgramLogger</class>
  <method>log</method>
  <thread>1</thread>
  <message>Analyzujem súbor: D:\Users\Ivan\FIIT\6.semester\BP\Zdrojove kody\HW01\student47_1.c!</message>
</record>
</log>
<?xml version="1.0" encoding="windows-1250" standalone="no"?>
<!DOCTYPE log SYSTEM "logger.dtd">
<log>
<record>
  <date>2021-04-11T17:45:05.222929100Z</date>
  <millis>1618163105222</millis>
  <nanos>929100</nanos>
  <sequence>109</sequence>
  <logger>Backend.Controller.ConsoleController</logger>
  <level>INFO</level>
  <class>Backend.ProgramLogger</class>
  <method>log</method>
  <thread>1</thread>
  <message>Analyzujem súbor: D:\Users\Ivan\FIIT\6.semester\BP\Zdrojove kody\HW01\student47_2.c!</message>
</record>
</log>
<?xml version="1.0" encoding="windows-1250" standalone="no"?>
<!DOCTYPE log SYSTEM "logger.dtd">
<log>
<record>
  <date>2021-04-11T17:45:05.351062200Z</date>
  <millis>1618163105351</millis>
  <nanos>62200</nanos>
  <sequence>110</sequence>
  <logger>Backend.Controller.ConsoleController</logger>
  <level>INFO</level>
  <class>Backend.ProgramLogger</class>
  <method>log</method>
  <thread>1</thread>
  <message>Analyzujem súbor: D:\Users\Ivan\FIIT\6.semester\BP\Zdrojove kody\HW01\student47_3.c!</message>
</record>
</log>
<?xml version="1.0" encoding="windows-1250" standalone="no"?>
<!DOCTYPE log SYSTEM "logger.dtd">
<log>
<record>
  <date>2021-04-11T17:45:05.461388400Z</date>
  <millis>1618163105461</millis>
  <nanos>388400</nanos>
  <sequence>111</sequence>
  <logger>Backend.Controller.ConsoleController</logger>
  <level>INFO</level>
  <class>Backend.ProgramLogger</class>
  <method>log</method>
  <thread>1</thread>
  <message>Analyzujem súbor: D:\Users\Ivan\FIIT\6.semester\BP\Zdrojove kody\HW01\student47_4.c!</message>
</record>
</log>
<?xml version="1.0" encoding="windows-1250" standalone="no"?>
<!DOCTYPE log SYSTEM "logger.dtd">
<log>
<record>
  <date>2021-04-11T17:45:05.557628400Z</date>
  <millis>1618163105557</millis>
  <nanos>628400</nanos>
  <sequence>112</sequence>
  <logger>Backend.Controller.ConsoleController</logger>
  <level>INFO</level>
  <class>Backend.ProgramLogger</class>
  <method>log</method>
  <thread>1</thread>
  <message>Analyzujem súbor: D:\Users\Ivan\FIIT\6.semester\BP\Zdrojove kody\HW01\student48_1.c!</message>
</record>
</log>
<?xml version="1.0" encoding="windows-1250" standalone="no"?>
<!DOCTYPE log SYSTEM "logger.dtd">
<log>
<record>
  <date>2021-04-11T17:45:05.965291300Z</date>
  <millis>1618163105965</millis>
  <nanos>291300</nanos>
  <sequence>113</sequence>
  <logger>Backend.Controller.ConsoleController</logger>
  <level>INFO</level>
  <class>Backend.ProgramLogger</class>
  <method>log</method>
  <thread>1</thread>
  <message>Analyzujem súbor: D:\Users\Ivan\FIIT\6.semester\BP\Zdrojove kody\HW01\student49_1.c!</message>
</record>
</log>
<?xml version="1.0" encoding="windows-1250" standalone="no"?>
<!DOCTYPE log SYSTEM "logger.dtd">
<log>
<record>
  <date>2021-04-11T17:45:06.054078800Z</date>
  <millis>1618163106054</millis>
  <nanos>78800</nanos>
  <sequence>114</sequence>
  <logger>Backend.Controller.ConsoleController</logger>
  <level>INFO</level>
  <class>Backend.ProgramLogger</class>
  <method>log</method>
  <thread>1</thread>
  <message>Analyzujem súbor: D:\Users\Ivan\FIIT\6.semester\BP\Zdrojove kody\HW01\student49_2.c!</message>
</record>
</log>
<?xml version="1.0" encoding="windows-1250" standalone="no"?>
<!DOCTYPE log SYSTEM "logger.dtd">
<log>
<record>
  <date>2021-04-11T17:45:06.143635500Z</date>
  <millis>1618163106143</millis>
  <nanos>635500</nanos>
  <sequence>115</sequence>
  <logger>Backend.Controller.ConsoleController</logger>
  <level>INFO</level>
  <class>Backend.ProgramLogger</class>
  <method>log</method>
  <thread>1</thread>
  <message>Analyzujem súbor: D:\Users\Ivan\FIIT\6.semester\BP\Zdrojove kody\HW01\student49_3.c!</message>
</record>
</log>
<?xml version="1.0" encoding="windows-1250" standalone="no"?>
<!DOCTYPE log SYSTEM "logger.dtd">
<log>
<record>
  <date>2021-04-11T17:45:06.256492500Z</date>
  <millis>1618163106256</millis>
  <nanos>492500</nanos>
  <sequence>116</sequence>
  <logger>Backend.Controller.ConsoleController</logger>
  <level>INFO</level>
  <class>Backend.ProgramLogger</class>
  <method>log</method>
  <thread>1</thread>
  <message>Analyzujem súbor: D:\Users\Ivan\FIIT\6.semester\BP\Zdrojove kody\HW01\student4_1.c!</message>
</record>
</log>
<?xml version="1.0" encoding="windows-1250" standalone="no"?>
<!DOCTYPE log SYSTEM "logger.dtd">
<log>
<record>
  <date>2021-04-11T17:45:06.487832900Z</date>
  <millis>1618163106487</millis>
  <nanos>832900</nanos>
  <sequence>117</sequence>
  <logger>Backend.Controller.ConsoleController</logger>
  <level>INFO</level>
  <class>Backend.ProgramLogger</class>
  <method>log</method>
  <thread>1</thread>
  <message>Analyzujem súbor: D:\Users\Ivan\FIIT\6.semester\BP\Zdrojove kody\HW01\student4_2.c!</message>
</record>
</log>
<?xml version="1.0" encoding="windows-1250" standalone="no"?>
<!DOCTYPE log SYSTEM "logger.dtd">
<log>
<record>
  <date>2021-04-11T17:45:06.745040200Z</date>
  <millis>1618163106745</millis>
  <nanos>40200</nanos>
  <sequence>118</sequence>
  <logger>Backend.Controller.ConsoleController</logger>
  <level>INFO</level>
  <class>Backend.ProgramLogger</class>
  <method>log</method>
  <thread>1</thread>
  <message>Analyzujem súbor: D:\Users\Ivan\FIIT\6.semester\BP\Zdrojove kody\HW01\student50_1.c!</message>
</record>
</log>
<?xml version="1.0" encoding="windows-1250" standalone="no"?>
<!DOCTYPE log SYSTEM "logger.dtd">
<log>
<record>
  <date>2021-04-11T17:45:06.861873900Z</date>
  <millis>1618163106861</millis>
  <nanos>873900</nanos>
  <sequence>119</sequence>
  <logger>Backend.Controller.ConsoleController</logger>
  <level>INFO</level>
  <class>Backend.ProgramLogger</class>
  <method>log</method>
  <thread>1</thread>
  <message>Analyzujem súbor: D:\Users\Ivan\FIIT\6.semester\BP\Zdrojove kody\HW01\student50_2.c!</message>
</record>
</log>
<?xml version="1.0" encoding="windows-1250" standalone="no"?>
<!DOCTYPE log SYSTEM "logger.dtd">
<log>
<record>
  <date>2021-04-11T17:45:06.994199800Z</date>
  <millis>1618163106994</millis>
  <nanos>199800</nanos>
  <sequence>120</sequence>
  <logger>Backend.Controller.ConsoleController</logger>
  <level>INFO</level>
  <class>Backend.ProgramLogger</class>
  <method>log</method>
  <thread>1</thread>
  <message>Analyzujem súbor: D:\Users\Ivan\FIIT\6.semester\BP\Zdrojove kody\HW01\student50_3.c!</message>
</record>
</log>
<?xml version="1.0" encoding="windows-1250" standalone="no"?>
<!DOCTYPE log SYSTEM "logger.dtd">
<log>
<record>
  <date>2021-04-11T17:45:07.127939900Z</date>
  <millis>1618163107127</millis>
  <nanos>939900</nanos>
  <sequence>121</sequence>
  <logger>Backend.Controller.ConsoleController</logger>
  <level>INFO</level>
  <class>Backend.ProgramLogger</class>
  <method>log</method>
  <thread>1</thread>
  <message>Analyzujem súbor: D:\Users\Ivan\FIIT\6.semester\BP\Zdrojove kody\HW01\student50_4.c!</message>
</record>
</log>
<?xml version="1.0" encoding="windows-1250" standalone="no"?>
<!DOCTYPE log SYSTEM "logger.dtd">
<log>
<record>
  <date>2021-04-11T17:45:07.253965800Z</date>
  <millis>1618163107253</millis>
  <nanos>965800</nanos>
  <sequence>122</sequence>
  <logger>Backend.Controller.ConsoleController</logger>
  <level>INFO</level>
  <class>Backend.ProgramLogger</class>
  <method>log</method>
  <thread>1</thread>
  <message>Analyzujem súbor: D:\Users\Ivan\FIIT\6.semester\BP\Zdrojove kody\HW01\student50_5.c!</message>
</record>
</log>
<?xml version="1.0" encoding="windows-1250" standalone="no"?>
<!DOCTYPE log SYSTEM "logger.dtd">
<log>
<record>
  <date>2021-04-11T17:45:07.359111100Z</date>
  <millis>1618163107359</millis>
  <nanos>111100</nanos>
  <sequence>123</sequence>
  <logger>Backend.Controller.ConsoleController</logger>
  <level>INFO</level>
  <class>Backend.ProgramLogger</class>
  <method>log</method>
  <thread>1</thread>
  <message>Analyzujem súbor: D:\Users\Ivan\FIIT\6.semester\BP\Zdrojove kody\HW01\student51_1.c!</message>
</record>
</log>
<?xml version="1.0" encoding="windows-1250" standalone="no"?>
<!DOCTYPE log SYSTEM "logger.dtd">
<log>
<record>
  <date>2021-04-11T17:45:07.486489300Z</date>
  <millis>1618163107486</millis>
  <nanos>489300</nanos>
  <sequence>124</sequence>
  <logger>Backend.Controller.ConsoleController</logger>
  <level>INFO</level>
  <class>Backend.ProgramLogger</class>
  <method>log</method>
  <thread>1</thread>
  <message>Analyzujem súbor: D:\Users\Ivan\FIIT\6.semester\BP\Zdrojove kody\HW01\student51_2.c!</message>
</record>
</log>
<?xml version="1.0" encoding="windows-1250" standalone="no"?>
<!DOCTYPE log SYSTEM "logger.dtd">
<log>
<record>
  <date>2021-04-11T17:45:07.579579200Z</date>
  <millis>1618163107579</millis>
  <nanos>579200</nanos>
  <sequence>125</sequence>
  <logger>Backend.Controller.ConsoleController</logger>
  <level>INFO</level>
  <class>Backend.ProgramLogger</class>
  <method>log</method>
  <thread>1</thread>
  <message>Analyzujem súbor: D:\Users\Ivan\FIIT\6.semester\BP\Zdrojove kody\HW01\student51_3.c!</message>
</record>
</log>
<?xml version="1.0" encoding="windows-1250" standalone="no"?>
<!DOCTYPE log SYSTEM "logger.dtd">
<log>
<record>
  <date>2021-04-11T17:45:07.686431800Z</date>
  <millis>1618163107686</millis>
  <nanos>431800</nanos>
  <sequence>126</sequence>
  <logger>Backend.Controller.ConsoleController</logger>
  <level>INFO</level>
  <class>Backend.ProgramLogger</class>
  <method>log</method>
  <thread>1</thread>
  <message>Analyzujem súbor: D:\Users\Ivan\FIIT\6.semester\BP\Zdrojove kody\HW01\student51_4.c!</message>
</record>
</log>
<?xml version="1.0" encoding="windows-1250" standalone="no"?>
<!DOCTYPE log SYSTEM "logger.dtd">
<log>
<record>
  <date>2021-04-11T17:45:07.808610900Z</date>
  <millis>1618163107808</millis>
  <nanos>610900</nanos>
  <sequence>127</sequence>
  <logger>Backend.Controller.ConsoleController</logger>
  <level>INFO</level>
  <class>Backend.ProgramLogger</class>
  <method>log</method>
  <thread>1</thread>
  <message>Analyzujem súbor: D:\Users\Ivan\FIIT\6.semester\BP\Zdrojove kody\HW01\student52_1.c!</message>
</record>
</log>
<?xml version="1.0" encoding="windows-1250" standalone="no"?>
<!DOCTYPE log SYSTEM "logger.dtd">
<log>
<record>
  <date>2021-04-11T17:45:07.936515100Z</date>
  <millis>1618163107936</millis>
  <nanos>515100</nanos>
  <sequence>128</sequence>
  <logger>Backend.Controller.ConsoleController</logger>
  <level>INFO</level>
  <class>Backend.ProgramLogger</class>
  <method>log</method>
  <thread>1</thread>
  <message>Analyzujem súbor: D:\Users\Ivan\FIIT\6.semester\BP\Zdrojove kody\HW01\student52_2.c!</message>
</record>
</log>
<?xml version="1.0" encoding="windows-1250" standalone="no"?>
<!DOCTYPE log SYSTEM "logger.dtd">
<log>
<record>
  <date>2021-04-11T17:45:08.056893700Z</date>
  <millis>1618163108056</millis>
  <nanos>893700</nanos>
  <sequence>129</sequence>
  <logger>Backend.Controller.ConsoleController</logger>
  <level>INFO</level>
  <class>Backend.ProgramLogger</class>
  <method>log</method>
  <thread>1</thread>
  <message>Analyzujem súbor: D:\Users\Ivan\FIIT\6.semester\BP\Zdrojove kody\HW01\student53_1.c!</message>
</record>
</log>
<?xml version="1.0" encoding="windows-1250" standalone="no"?>
<!DOCTYPE log SYSTEM "logger.dtd">
<log>
<record>
  <date>2021-04-11T17:45:08.199184600Z</date>
  <millis>1618163108199</millis>
  <nanos>184600</nanos>
  <sequence>130</sequence>
  <logger>Backend.Controller.ConsoleController</logger>
  <level>INFO</level>
  <class>Backend.ProgramLogger</class>
  <method>log</method>
  <thread>1</thread>
  <message>Analyzujem súbor: D:\Users\Ivan\FIIT\6.semester\BP\Zdrojove kody\HW01\student54_1.c!</message>
</record>
</log>
<?xml version="1.0" encoding="windows-1250" standalone="no"?>
<!DOCTYPE log SYSTEM "logger.dtd">
<log>
<record>
  <date>2021-04-11T17:45:08.317727600Z</date>
  <millis>1618163108317</millis>
  <nanos>727600</nanos>
  <sequence>131</sequence>
  <logger>Backend.Controller.ConsoleController</logger>
  <level>INFO</level>
  <class>Backend.ProgramLogger</class>
  <method>log</method>
  <thread>1</thread>
  <message>Analyzujem súbor: D:\Users\Ivan\FIIT\6.semester\BP\Zdrojove kody\HW01\student55_1.c!</message>
</record>
</log>
<?xml version="1.0" encoding="windows-1250" standalone="no"?>
<!DOCTYPE log SYSTEM "logger.dtd">
<log>
<record>
  <date>2021-04-11T17:45:08.407261900Z</date>
  <millis>1618163108407</millis>
  <nanos>261900</nanos>
  <sequence>132</sequence>
  <logger>Backend.Controller.ConsoleController</logger>
  <level>INFO</level>
  <class>Backend.ProgramLogger</class>
  <method>log</method>
  <thread>1</thread>
  <message>Analyzujem súbor: D:\Users\Ivan\FIIT\6.semester\BP\Zdrojove kody\HW01\student55_2.c!</message>
</record>
</log>
<?xml version="1.0" encoding="windows-1250" standalone="no"?>
<!DOCTYPE log SYSTEM "logger.dtd">
<log>
<record>
  <date>2021-04-11T17:45:08.543029600Z</date>
  <millis>1618163108543</millis>
  <nanos>29600</nanos>
  <sequence>133</sequence>
  <logger>Backend.Controller.ConsoleController</logger>
  <level>INFO</level>
  <class>Backend.ProgramLogger</class>
  <method>log</method>
  <thread>1</thread>
  <message>Analyzujem súbor: D:\Users\Ivan\FIIT\6.semester\BP\Zdrojove kody\HW01\student56_1.c!</message>
</record>
</log>
<?xml version="1.0" encoding="windows-1250" standalone="no"?>
<!DOCTYPE log SYSTEM "logger.dtd">
<log>
<record>
  <date>2021-04-11T17:45:08.675761Z</date>
  <millis>1618163108675</millis>
  <nanos>761000</nanos>
  <sequence>134</sequence>
  <logger>Backend.Controller.ConsoleController</logger>
  <level>INFO</level>
  <class>Backend.ProgramLogger</class>
  <method>log</method>
  <thread>1</thread>
  <message>Analyzujem súbor: D:\Users\Ivan\FIIT\6.semester\BP\Zdrojove kody\HW01\student56_2.c!</message>
</record>
</log>
<?xml version="1.0" encoding="windows-1250" standalone="no"?>
<!DOCTYPE log SYSTEM "logger.dtd">
<log>
<record>
  <date>2021-04-11T17:45:08.782573900Z</date>
  <millis>1618163108782</millis>
  <nanos>573900</nanos>
  <sequence>135</sequence>
  <logger>Backend.Controller.ConsoleController</logger>
  <level>INFO</level>
  <class>Backend.ProgramLogger</class>
  <method>log</method>
  <thread>1</thread>
  <message>Analyzujem súbor: D:\Users\Ivan\FIIT\6.semester\BP\Zdrojove kody\HW01\student56_3.c!</message>
</record>
</log>
<?xml version="1.0" encoding="windows-1250" standalone="no"?>
<!DOCTYPE log SYSTEM "logger.dtd">
<log>
<record>
  <date>2021-04-11T17:45:08.885210500Z</date>
  <millis>1618163108885</millis>
  <nanos>210500</nanos>
  <sequence>136</sequence>
  <logger>Backend.Controller.ConsoleController</logger>
  <level>INFO</level>
  <class>Backend.ProgramLogger</class>
  <method>log</method>
  <thread>1</thread>
  <message>Analyzujem súbor: D:\Users\Ivan\FIIT\6.semester\BP\Zdrojove kody\HW01\student56_4.c!</message>
</record>
</log>
<?xml version="1.0" encoding="windows-1250" standalone="no"?>
<!DOCTYPE log SYSTEM "logger.dtd">
<log>
<record>
  <date>2021-04-11T17:45:09.029701800Z</date>
  <millis>1618163109029</millis>
  <nanos>701800</nanos>
  <sequence>137</sequence>
  <logger>Backend.Controller.ConsoleController</logger>
  <level>INFO</level>
  <class>Backend.ProgramLogger</class>
  <method>log</method>
  <thread>1</thread>
  <message>Analyzujem súbor: D:\Users\Ivan\FIIT\6.semester\BP\Zdrojove kody\HW01\student56_5.c!</message>
</record>
</log>
<?xml version="1.0" encoding="windows-1250" standalone="no"?>
<!DOCTYPE log SYSTEM "logger.dtd">
<log>
<record>
  <date>2021-04-11T17:45:09.142636Z</date>
  <millis>1618163109142</millis>
  <nanos>636000</nanos>
  <sequence>138</sequence>
  <logger>Backend.Controller.ConsoleController</logger>
  <level>INFO</level>
  <class>Backend.ProgramLogger</class>
  <method>log</method>
  <thread>1</thread>
  <message>Analyzujem súbor: D:\Users\Ivan\FIIT\6.semester\BP\Zdrojove kody\HW01\student56_6.c!</message>
</record>
</log>
<?xml version="1.0" encoding="windows-1250" standalone="no"?>
<!DOCTYPE log SYSTEM "logger.dtd">
<log>
<record>
  <date>2021-04-11T17:45:09.246264600Z</date>
  <millis>1618163109246</millis>
  <nanos>264600</nanos>
  <sequence>139</sequence>
  <logger>Backend.Controller.ConsoleController</logger>
  <level>INFO</level>
  <class>Backend.ProgramLogger</class>
  <method>log</method>
  <thread>1</thread>
  <message>Analyzujem súbor: D:\Users\Ivan\FIIT\6.semester\BP\Zdrojove kody\HW01\student56_7.c!</message>
</record>
</log>
<?xml version="1.0" encoding="windows-1250" standalone="no"?>
<!DOCTYPE log SYSTEM "logger.dtd">
<log>
<record>
  <date>2021-04-11T17:45:09.372834600Z</date>
  <millis>1618163109372</millis>
  <nanos>834600</nanos>
  <sequence>140</sequence>
  <logger>Backend.Controller.ConsoleController</logger>
  <level>INFO</level>
  <class>Backend.ProgramLogger</class>
  <method>log</method>
  <thread>1</thread>
  <message>Analyzujem súbor: D:\Users\Ivan\FIIT\6.semester\BP\Zdrojove kody\HW01\student57_1.c!</message>
</record>
</log>
<?xml version="1.0" encoding="windows-1250" standalone="no"?>
<!DOCTYPE log SYSTEM "logger.dtd">
<log>
<record>
  <date>2021-04-11T17:45:09.457233400Z</date>
  <millis>1618163109457</millis>
  <nanos>233400</nanos>
  <sequence>141</sequence>
  <logger>Backend.Controller.ConsoleController</logger>
  <level>INFO</level>
  <class>Backend.ProgramLogger</class>
  <method>log</method>
  <thread>1</thread>
  <message>Analyzujem súbor: D:\Users\Ivan\FIIT\6.semester\BP\Zdrojove kody\HW01\student58_1.c!</message>
</record>
</log>
<?xml version="1.0" encoding="windows-1250" standalone="no"?>
<!DOCTYPE log SYSTEM "logger.dtd">
<log>
<record>
  <date>2021-04-11T17:45:09.560276400Z</date>
  <millis>1618163109560</millis>
  <nanos>276400</nanos>
  <sequence>142</sequence>
  <logger>Backend.Controller.ConsoleController</logger>
  <level>INFO</level>
  <class>Backend.ProgramLogger</class>
  <method>log</method>
  <thread>1</thread>
  <message>Analyzujem súbor: D:\Users\Ivan\FIIT\6.semester\BP\Zdrojove kody\HW01\student59_1.c!</message>
</record>
</log>
<?xml version="1.0" encoding="windows-1250" standalone="no"?>
<!DOCTYPE log SYSTEM "logger.dtd">
<log>
<record>
  <date>2021-04-11T17:45:09.687926500Z</date>
  <millis>1618163109687</millis>
  <nanos>926500</nanos>
  <sequence>143</sequence>
  <logger>Backend.Controller.ConsoleController</logger>
  <level>INFO</level>
  <class>Backend.ProgramLogger</class>
  <method>log</method>
  <thread>1</thread>
  <message>Analyzujem súbor: D:\Users\Ivan\FIIT\6.semester\BP\Zdrojove kody\HW01\student5_1.c!</message>
</record>
</log>
<?xml version="1.0" encoding="windows-1250" standalone="no"?>
<!DOCTYPE log SYSTEM "logger.dtd">
<log>
<record>
  <date>2021-04-11T17:45:09.802823900Z</date>
  <millis>1618163109802</millis>
  <nanos>823900</nanos>
  <sequence>144</sequence>
  <logger>Backend.Controller.ConsoleController</logger>
  <level>INFO</level>
  <class>Backend.ProgramLogger</class>
  <method>log</method>
  <thread>1</thread>
  <message>Analyzujem súbor: D:\Users\Ivan\FIIT\6.semester\BP\Zdrojove kody\HW01\student6_1.c!</message>
</record>
</log>
<?xml version="1.0" encoding="windows-1250" standalone="no"?>
<!DOCTYPE log SYSTEM "logger.dtd">
<log>
<record>
  <date>2021-04-11T17:45:10.142106200Z</date>
  <millis>1618163110142</millis>
  <nanos>106200</nanos>
  <sequence>145</sequence>
  <logger>Backend.Controller.ConsoleController</logger>
  <level>INFO</level>
  <class>Backend.ProgramLogger</class>
  <method>log</method>
  <thread>1</thread>
  <message>Analyzujem súbor: D:\Users\Ivan\FIIT\6.semester\BP\Zdrojove kody\HW01\student6_2.c!</message>
</record>
</log>
<?xml version="1.0" encoding="windows-1250" standalone="no"?>
<!DOCTYPE log SYSTEM "logger.dtd">
<log>
<record>
  <date>2021-04-11T17:45:10.416659200Z</date>
  <millis>1618163110416</millis>
  <nanos>659200</nanos>
  <sequence>146</sequence>
  <logger>Backend.Controller.ConsoleController</logger>
  <level>INFO</level>
  <class>Backend.ProgramLogger</class>
  <method>log</method>
  <thread>1</thread>
  <message>Analyzujem súbor: D:\Users\Ivan\FIIT\6.semester\BP\Zdrojove kody\HW01\student7_1.c!</message>
</record>
</log>
<?xml version="1.0" encoding="windows-1250" standalone="no"?>
<!DOCTYPE log SYSTEM "logger.dtd">
<log>
<record>
  <date>2021-04-11T17:45:10.504930400Z</date>
  <millis>1618163110504</millis>
  <nanos>930400</nanos>
  <sequence>147</sequence>
  <logger>Backend.Controller.ConsoleController</logger>
  <level>INFO</level>
  <class>Backend.ProgramLogger</class>
  <method>log</method>
  <thread>1</thread>
  <message>Analyzujem súbor: D:\Users\Ivan\FIIT\6.semester\BP\Zdrojove kody\HW01\student8_1.c!</message>
</record>
</log>
<?xml version="1.0" encoding="windows-1250" standalone="no"?>
<!DOCTYPE log SYSTEM "logger.dtd">
<log>
<record>
  <date>2021-04-11T17:45:10.589551400Z</date>
  <millis>1618163110589</millis>
  <nanos>551400</nanos>
  <sequence>148</sequence>
  <logger>Backend.Controller.ConsoleController</logger>
  <level>INFO</level>
  <class>Backend.ProgramLogger</class>
  <method>log</method>
  <thread>1</thread>
  <message>Analyzujem súbor: D:\Users\Ivan\FIIT\6.semester\BP\Zdrojove kody\HW01\student9_1.c!</message>
</record>
</log>
<?xml version="1.0" encoding="windows-1250" standalone="no"?>
<!DOCTYPE log SYSTEM "logger.dtd">
<log>
<record>
  <date>2021-04-11T17:45:10.665549300Z</date>
  <millis>1618163110665</millis>
  <nanos>549300</nanos>
  <sequence>149</sequence>
  <logger>Backend.Controller.ConsoleController</logger>
  <level>INFO</level>
  <class>Backend.ProgramLogger</class>
  <method>log</method>
  <thread>1</thread>
  <message>Analyzujem súbor: D:\Users\Ivan\FIIT\6.semester\BP\Zdrojove kody\HW01\student9_2.c!</message>
</record>
</log>
<?xml version="1.0" encoding="windows-1250" standalone="no"?>
<!DOCTYPE log SYSTEM "logger.dtd">
<log>
<record>
  <date>2021-04-11T17:45:10.747132Z</date>
  <millis>1618163110747</millis>
  <nanos>132000</nanos>
  <sequence>150</sequence>
  <logger>Backend.Controller.ConsoleController</logger>
  <level>INFO</level>
  <class>Backend.ProgramLogger</class>
  <method>log</method>
  <thread>1</thread>
  <message>Analyzujem súbor: D:\Users\Ivan\FIIT\6.semester\BP\Zdrojove kody\HW01\student9_3.c!</message>
</record>
</log>
